<?xml version="1.0" encoding="UTF-8"?>
<testsuite name="ru.netology.service.CashbackHackServiceTest" tests="4" skipped="0" failures="0" errors="0" timestamp="2022-02-11T15:29:34" hostname="USER-ПК" time="0.008">
  <properties/>
  <testcase name="testRemain" classname="ru.netology.service.CashbackHackServiceTest" time="0.004"/>
  <testcase name="testRemain1" classname="ru.netology.service.CashbackHackServiceTest" time="0.0"/>
  <testcase name="testRemainMin" classname="ru.netology.service.CashbackHackServiceTest" time="0.0"/>
  <testcase name="testRemainOver" classname="ru.netology.service.CashbackHackServiceTest" time="0.0"/>
  <system-out><![CDATA[]]></system-out>
  <system-err><![CDATA[]]></system-err>
</testsuite>
