<?xml version="1.0" encoding="UTF-8"?>
<testsuite name="ru.netology.service.CashbackHackServiceTest" tests="1" skipped="0" failures="0" errors="0" timestamp="2022-02-12T05:32:00" hostname="USER-ПК" time="0.001">
  <properties/>
  <testcase name="testRemainOver" classname="ru.netology.service.CashbackHackServiceTest" time="0.001"/>
  <system-out><![CDATA[]]></system-out>
  <system-err><![CDATA[]]></system-err>
</testsuite>
