<?xml version="1.0" encoding="UTF-8"?>
<testsuite name="ru.netology.service.CashbackHackServiceTest" tests="1" skipped="0" failures="0" errors="0" timestamp="2022-02-10T16:38:45" hostname="USER-ПК" time="0.017">
  <properties/>
  <testcase name="remain()" classname="ru.netology.service.CashbackHackServiceTest" time="0.017"/>
  <system-out><![CDATA[]]></system-out>
  <system-err><![CDATA[]]></system-err>
</testsuite>
